<?xml version="1.0" encoding="UTF-8"?>
<testsuite name="testproject.AggregatorTest" tests="3" skipped="0" failures="0" errors="0" timestamp="2018-12-10T13:11:52" hostname="avemaria" time="0.254">
  <properties/>
  <testcase name="testInitialState" classname="testproject.AggregatorTest" time="0.245"/>
  <testcase name="testMultipleAdditions" classname="testproject.AggregatorTest" time="0.001"/>
  <testcase name="testSingleAddition" classname="testproject.AggregatorTest" time="0.002"/>
  <system-out><![CDATA[]]></system-out>
  <system-err><![CDATA[]]></system-err>
</testsuite>
