<?xml version="1.0" encoding="UTF-8"?>
<testsuite name="testproject.CalculatorTest" tests="2" skipped="0" failures="0" errors="0" timestamp="2018-12-10T13:11:53" hostname="avemaria" time="0.006">
  <properties/>
  <testcase name="testSum" classname="testproject.CalculatorTest" time="0.004"/>
  <testcase name="testSubtract" classname="testproject.CalculatorTest" time="0.001"/>
  <system-out><![CDATA[]]></system-out>
  <system-err><![CDATA[]]></system-err>
</testsuite>
